<?xml version="1.0" encoding="UTF-8"?>
<testng-results ignored="0" total="1" passed="1" failed="0" skipped="0">
  <reporter-output>
  </reporter-output>
  <suite started-at="2023-10-16T12:25:06 IST" name="Default suite" finished-at="2023-10-16T12:25:18 IST" duration-ms="11873">
    <groups>
    </groups>
    <test started-at="2023-10-16T12:25:06 IST" name="Default test" finished-at="2023-10-16T12:25:18 IST" duration-ms="11873">
      <class name="OrangeHRM.orange">
        <test-method signature="launchbrowser()[pri:0, instance:OrangeHRM.orange@2892dae4]" started-at="2023-10-16T12:25:06 IST" name="launchbrowser" finished-at="2023-10-16T12:25:18 IST" duration-ms="11846" status="PASS">
          <reporter-output>
          </reporter-output>
        </test-method> <!-- launchbrowser -->
      </class> <!-- OrangeHRM.orange -->
    </test> <!-- Default test -->
  </suite> <!-- Default suite -->
</testng-results>
